{"level":"info","message":"User logged in: mehtatejal1977@gmail.com","timestamp":"2025-06-03T09:25:24.740Z"}
{"level":"info","message":"User logged in: mehtatejal1977@gmail.com","timestamp":"2025-06-03T09:30:08.058Z"}
{"level":"info","message":"User logged in: mehtatejal1977@gmail.com","timestamp":"2025-06-03T09:47:13.430Z"}
{"level":"info","message":"User logged in: mehtatejal1977@gmail.com","timestamp":"2025-06-03T09:51:40.473Z"}
{"level":"info","message":"User logged in: mehtatejal1977@gmail.com","timestamp":"2025-06-03T09:54:54.469Z"}
{"level":"info","message":"User logged in: mehtatejal1977@gmail.com","timestamp":"2025-06-03T09:55:34.548Z"}
{"level":"info","message":"User logged in: mehtatejal1977@gmail.com","timestamp":"2025-06-03T10:02:31.365Z"}
{"level":"info","message":"User logged in: mehtatejal1977@gmail.com","timestamp":"2025-06-03T10:03:09.896Z"}
{"level":"info","message":"User logged in: mehtatejal1977@gmail.com","timestamp":"2025-06-03T10:15:54.712Z"}
{"level":"info","message":"User logged in: darpan@gmail.com","timestamp":"2025-06-03T10:30:43.481Z"}
{"level":"info","message":"User logged in: darpan@gmail.com","timestamp":"2025-06-03T10:45:42.833Z"}
{"level":"info","message":"User logged in: darpan@gmail.com","timestamp":"2025-06-04T10:30:15.262Z"}
{"level":"info","message":"User logged in: darpan@gmail.com","timestamp":"2025-06-04T10:42:41.369Z"}
{"level":"info","message":"User logged in: darpan@gmail.com","timestamp":"2025-06-04T10:44:30.911Z"}
{"level":"info","message":"User logged in: mehtatejal1977@gmail.com","timestamp":"2025-06-04T10:45:25.084Z"}
{"level":"info","message":"User logged in: mehtatejal1977@gmail.com","timestamp":"2025-06-04T10:46:33.368Z"}
{"level":"info","message":"User logged in: mehtatejal1977@gmail.com","timestamp":"2025-06-04T10:47:44.981Z"}
{"level":"info","message":"User logged in: mehtatejal1977@gmail.com","timestamp":"2025-06-04T10:49:24.348Z"}
{"level":"info","message":"User logged in: darpan@gmail.com","timestamp":"2025-06-04T10:49:42.654Z"}
{"level":"info","message":"User logged in: darpan@gmail.com","timestamp":"2025-06-04T11:30:38.624Z"}
{"level":"info","message":"User logged in: darpan@gmail.com","timestamp":"2025-06-04T11:31:59.699Z"}
{"level":"info","message":"User logged in: darpan@gmail.com","timestamp":"2025-06-04T11:33:43.173Z"}
{"level":"info","message":"User logged in: darpan@gmail.com","timestamp":"2025-06-04T11:34:53.330Z"}
{"level":"info","message":"User logged in: darpan@gmail.com","timestamp":"2025-06-05T05:42:59.263Z"}
{"level":"info","message":"User logged in: darpan@gmail.com","timestamp":"2025-06-05T05:55:32.453Z"}
{"level":"info","message":"User logged in: darpan@gmail.com","timestamp":"2025-06-05T06:04:29.410Z"}
{"level":"info","message":"User logged in: darpan@gmail.com","timestamp":"2025-06-05T06:08:53.087Z"}
{"level":"info","message":"User logged in: darpan@gmail.com","timestamp":"2025-06-05T06:09:06.326Z"}
{"level":"info","message":"User logged in: darpan@gmail.com","timestamp":"2025-06-05T06:10:22.406Z"}
{"level":"info","message":"User logged in: darpan@gmail.com","timestamp":"2025-06-05T06:25:12.083Z"}
{"level":"info","message":"User logged in: darpan@gmail.com","timestamp":"2025-06-05T06:25:28.675Z"}
{"level":"info","message":"User logged in: darpan@gmail.com","timestamp":"2025-06-05T06:26:35.305Z"}
{"level":"info","message":"User logged in: darpan@gmail.com","timestamp":"2025-06-05T06:30:38.627Z"}
{"level":"info","message":"User logged in: darpan@gmail.com","timestamp":"2025-06-05T06:33:49.471Z"}
{"level":"info","message":"User logged in: mehtatejal1977@gmail.com","timestamp":"2025-06-05T06:33:58.547Z"}
{"level":"info","message":"User logged in: mehtatejal1977@gmail.com","timestamp":"2025-06-05T10:43:12.543Z"}
{"level":"info","message":"User logged in: darpan@gmail.com","timestamp":"2025-06-05T10:43:25.635Z"}
{"level":"info","message":"User logged in: mehtatejal1977@gmail.com","timestamp":"2025-06-05T11:21:46.144Z"}
{"level":"info","message":"User logged in: mehtatejal1977@gmail.com","timestamp":"2025-06-05T18:28:41.073Z"}
{"level":"info","message":"User registered: swaraparekh08@gmail.com","timestamp":"2025-06-05T18:29:44.945Z"}
{"level":"info","message":"User logged in: mehtatejal1977@gmail.com","timestamp":"2025-06-06T11:17:11.946Z"}
{"level":"info","message":"User logged in: darpan@gmail.com","timestamp":"2025-06-06T11:17:40.060Z"}
{"level":"info","message":"User registered: mehtasandipn@gmail.com","timestamp":"2025-06-07T04:51:33.478Z"}
{"level":"info","message":"User logged in: darpan@gmail.com","timestamp":"2025-06-07T05:00:13.825Z"}
{"level":"info","message":"User logged in: mehtasandipn@gmail.com","timestamp":"2025-06-07T10:10:20.374Z"}
{"level":"info","message":"User logged in: mehtatejal1977@gmail.com","timestamp":"2025-06-07T10:10:37.945Z"}
{"level":"info","message":"User logged in: darpan@gmail.com","timestamp":"2025-06-07T10:11:46.745Z"}
